[16:00:51.008][INFO][CraftTweaker-EarlyInit]: CraftTweaker is running on a Minecraft 1.20.1 production client modded with platform Fabric
[16:00:51.019][INFO][CraftTweaker-EarlyInit]: Successfully injected RecipeFS file system
[16:00:55.639][INFO][CraftTweaker-Plugins]: Successfully identified and loaded plugin farmersdelight:crafttweaker_plugin
[16:00:55.656][INFO][CraftTweaker-Plugins]: Successfully identified and loaded plugin crafttweaker:builtin
[16:00:56.174][INFO][CraftTweaker]: The following mods have explicit CraftTweaker support through the default plugin:
[16:00:56.176][INFO][CraftTweaker]: - 'crafttweaker' at version '14.0.43'
[16:00:56.176][INFO][CraftTweaker]: - 'farmersdelight' at version '1.20.1-2.1.6+refabricated'
[16:00:56.562][INFO][CraftTweaker-ZenCode]: Started loading scripts for loader 'initialize'
[16:00:56.895][INFO][CraftTweaker-ZenCode]: Compiling and executing scripts
[16:00:56.944][INFO][CraftTweaker-ZenCode]: Successfully initialized modules [crafttweaker, expansions]
[16:00:57.031][INFO][CraftTweaker-ZenCode]: Execution for loader 'initialize' completed successfully
[16:01:49.186][INFO][CraftTweaker-ZenCode]: Started loading scripts for loader 'tags'
[16:01:49.200][INFO][CraftTweaker-ZenCode]: Compiling and executing scripts
[16:01:49.217][INFO][CraftTweaker-ZenCode]: Successfully initialized modules [crafttweaker, expansions]
[16:01:49.223][INFO][CraftTweaker-ZenCode]: Execution for loader 'tags' completed successfully
[16:02:01.242][INFO][CraftTweaker]: CraftTweaker reload starting!
[16:02:01.252][INFO][CraftTweaker-ZenCode]: Started loading scripts for loader 'crafttweaker'
[16:02:01.264][INFO][CraftTweaker-ZenCode]: Compiling and executing scripts
[16:02:01.752][INFO][CraftTweaker-ZenCode]: Successfully initialized modules [farmersdelight, mods, crafttweaker, expansions]
[16:02:01.754][INFO][CraftTweaker-ZenCode]: Loading file 'generated0.zs' with priority 0
[16:02:01.782][INFO][CraftTweaker]: Adding 'minecraft:crafting' recipe, of type: "shaped", with name: 'crafttweaker:eg_cosmicmeatballs' that outputs: '<item:avaritia:cosmic_meatballs>'
[16:02:01.783][INFO][CraftTweaker-ZenCode]: Execution for loader 'crafttweaker' completed successfully
[16:02:01.787][INFO][CraftTweaker]: CraftTweaker reload complete!
[16:02:01.788][INFO][CraftTweaker]: This reload was made possible by Genryu and more! Become a patron at https://patreon.com/jaredlll08?s=crtmod
